[20:21:14] [main/INFO] (FabricLoader/GameProvider) Loading Minecraft 1.21 with Fabric Loader 0.16.0
[20:21:14] [main/INFO] (FabricLoader) Loading 55 mods:
	- fabric-api 0.100.8+1.21
	- fabric-api-base 0.4.42+6573ed8cd1
	- fabric-api-lookup-api-v1 1.6.67+b5597344d1
	- fabric-biome-api-v1 13.0.29+5bd9f1bcd1
	- fabric-block-api-v1 1.0.22+0af3f5a7d1
	- fabric-block-view-api-v2 1.0.10+6573ed8cd1
	- fabric-blockrenderlayer-v1 1.1.52+0af3f5a7d1
	- fabric-client-tags-api-v1 1.1.15+6573ed8cd1
	- fabric-command-api-v1 1.2.49+f71b366fd1
	- fabric-command-api-v2 2.2.28+6ced4dd9d1
	- fabric-commands-v0 0.2.66+df3654b3d1
	- fabric-content-registries-v0 8.0.15+b5597344d1
	- fabric-convention-tags-v1 2.0.18+7f945d5bd1
	- fabric-convention-tags-v2 2.4.2+c111832ad1
	- fabric-crash-report-info-v1 0.2.29+0af3f5a7d1
	- fabric-data-attachment-api-v1 1.1.25+6a6dfa19d1
	- fabric-data-generation-api-v1 20.2.13+16c4ae25d1
	- fabric-dimensions-v1 4.0.0+6fc22b99d1
	- fabric-entity-events-v1 1.6.12+6fc22b99d1
	- fabric-events-interaction-v0 0.7.10+e633f883d1
	- fabric-game-rule-api-v1 1.0.53+6ced4dd9d1
	- fabric-gametest-api-v1 2.0.3+6fc22b99d1
	- fabric-item-api-v1 11.0.0+afdfc921d1
	- fabric-item-group-api-v1 4.1.3+78017270d1
	- fabric-key-binding-api-v1 1.0.47+0af3f5a7d1
	- fabric-keybindings-v0 0.2.45+df3654b3d1
	- fabric-lifecycle-events-v1 2.3.11+8f3583aed1
	- fabric-loot-api-v2 3.0.13+3f89f5a5d1
	- fabric-loot-api-v3 1.0.1+3f89f5a5d1
	- fabric-message-api-v1 6.0.13+6573ed8cd1
	- fabric-model-loading-api-v1 2.0.0+fe474d6bd1
	- fabric-networking-api-v1 4.2.0+ab7edbacd1
	- fabric-object-builder-api-v1 15.1.13+d1321076d1
	- fabric-particles-v1 4.0.2+6573ed8cd1
	- fabric-recipe-api-v1 5.0.10+65089712d1
	- fabric-registry-sync-v0 5.0.26+a5d66753d1
	- fabric-renderer-api-v1 3.3.0+0ae0b97dd1
	- fabric-renderer-indigo 1.6.5+48fb1586d1
	- fabric-renderer-registries-v1 3.2.68+df3654b3d1
	- fabric-rendering-data-attachment-v1 0.3.48+73761d2ed1
	- fabric-rendering-fluids-v1 3.1.6+b5597344d1
	- fabric-rendering-v0 1.1.71+df3654b3d1
	- fabric-rendering-v1 5.0.5+df16efd0d1
	- fabric-resource-conditions-api-v1 4.2.1+d153f344d1
	- fabric-resource-loader-v0 1.2.0+7e687b32d1
	- fabric-screen-api-v1 2.0.24+b5597344d1
	- fabric-screen-handler-api-v1 1.3.83+b5597344d1
	- fabric-sound-api-v1 1.0.23+6573ed8cd1
	- fabric-transfer-api-v1 5.1.15+3dccd343d1
	- fabric-transitive-access-wideners-v1 6.0.12+6573ed8cd1
	- fabricloader 0.16.0
	- java 21
	- minecraft 1.21
	- mixinextras 0.4.0
	- tms 1.3
[20:21:14] [main/INFO] (FabricLoader/Mixin) SpongePowered MIXIN Subsystem Version=0.8.7 Source=file:/C:/Users/jarly/.gradle/caches/modules-2/files-2.1/net.fabricmc/sponge-mixin/0.15.0+mixin.0.8.7/2ce1c5d57a061f3e259ec30b8b0cb2dc889c5156/sponge-mixin-0.15.0+mixin.0.8.7.jar Service=Knot/Fabric Env=CLIENT
[20:21:14] [main/INFO] (FabricLoader/Mixin) Loaded Fabric development mappings for mixin remapper!
[20:21:14] [main/INFO] (FabricLoader/Mixin) Compatibility level set to JAVA_17
[20:21:14] [main/INFO] (FabricLoader/Mixin) Compatibility level set to JAVA_21
[20:21:16] [main/INFO] (FabricLoader/MixinExtras|Service) Initializing MixinExtras via com.llamalad7.mixinextras.service.MixinExtrasServiceImpl(version=0.4.0).
[20:21:17] [Datafixer Bootstrap/INFO] (Minecraft) 226 Datafixer optimizations took 339 milliseconds
[20:21:22] [Render thread/INFO] (Minecraft) Environment: Environment[sessionHost=https://sessionserver.mojang.com, servicesHost=https://api.minecraftservices.com, name=PROD]
[20:21:22] [Render thread/INFO] (Minecraft) Setting user: Player644
[20:21:22] [Render thread/INFO] (tms) Registering mod items
[20:21:22] [Render thread/INFO] (tms) Registering mod items
[20:21:22] [Render thread/INFO] (tms) Registering Mod Item Groups
[20:21:22] [Render thread/INFO] (tms) Hello Fabric world!
[20:21:23] [Render thread/INFO] (Indigo) [Indigo] Registering Indigo renderer!
[20:21:23] [Render thread/INFO] (Minecraft) Backend library: LWJGL version 3.3.3-snapshot
[20:21:25] [Render thread/INFO] (Minecraft) Reloading ResourceManager: vanilla, fabric, fabric-api, fabric-api-base, fabric-api-lookup-api-v1, fabric-biome-api-v1, fabric-block-api-v1, fabric-block-view-api-v2, fabric-blockrenderlayer-v1, fabric-client-tags-api-v1, fabric-command-api-v1, fabric-command-api-v2, fabric-commands-v0, fabric-content-registries-v0, fabric-convention-tags-v1, fabric-convention-tags-v2, fabric-crash-report-info-v1, fabric-data-attachment-api-v1, fabric-data-generation-api-v1, fabric-dimensions-v1, fabric-entity-events-v1, fabric-events-interaction-v0, fabric-game-rule-api-v1, fabric-gametest-api-v1, fabric-item-api-v1, fabric-item-group-api-v1, fabric-key-binding-api-v1, fabric-keybindings-v0, fabric-lifecycle-events-v1, fabric-loot-api-v2, fabric-loot-api-v3, fabric-message-api-v1, fabric-model-loading-api-v1, fabric-networking-api-v1, fabric-object-builder-api-v1, fabric-particles-v1, fabric-recipe-api-v1, fabric-registry-sync-v0, fabric-renderer-api-v1, fabric-renderer-indigo, fabric-renderer-registries-v1, fabric-rendering-data-attachment-v1, fabric-rendering-fluids-v1, fabric-rendering-v0, fabric-rendering-v1, fabric-resource-conditions-api-v1, fabric-resource-loader-v0, fabric-screen-api-v1, fabric-screen-handler-api-v1, fabric-sound-api-v1, fabric-transfer-api-v1, fabric-transitive-access-wideners-v1, fabricloader, tms
[20:21:26] [Worker-Main-6/INFO] (Minecraft) Found unifont_jp_patch-15.1.05.hex, loading
[20:21:26] [Worker-Main-1/INFO] (Minecraft) Found unifont_all_no_pua-15.1.05.hex, loading
[20:21:28] [Worker-Main-14/WARN] (Minecraft) Missing textures in model tms:missing_sword#inventory:
    minecraft:textures/atlas/blocks.png:tms:item/void_sword
[20:21:28] [Render thread/WARN] (Minecraft) Missing sound for event: minecraft:item.goat_horn.play
[20:21:28] [Render thread/WARN] (Minecraft) Missing sound for event: minecraft:entity.goat.screaming.horn_break
[20:21:30] [Render thread/INFO] (Minecraft) OpenAL initialized on device OpenAL Soft on 耳机 (Realtek(R) Audio)
[20:21:30] [Render thread/INFO] (Minecraft) Sound engine started
[20:21:30] [Render thread/INFO] (Minecraft) Created: 1024x512x4 minecraft:textures/atlas/blocks.png-atlas
[20:21:30] [Render thread/INFO] (Minecraft) Created: 256x256x4 minecraft:textures/atlas/signs.png-atlas
[20:21:30] [Render thread/INFO] (Minecraft) Created: 512x512x4 minecraft:textures/atlas/shield_patterns.png-atlas
[20:21:30] [Render thread/INFO] (Minecraft) Created: 512x512x4 minecraft:textures/atlas/banner_patterns.png-atlas
[20:21:30] [Render thread/INFO] (Minecraft) Created: 1024x1024x4 minecraft:textures/atlas/armor_trims.png-atlas
[20:21:30] [Render thread/INFO] (Minecraft) Created: 128x64x4 minecraft:textures/atlas/decorated_pot.png-atlas
[20:21:30] [Render thread/INFO] (Minecraft) Created: 256x256x4 minecraft:textures/atlas/chest.png-atlas
[20:21:30] [Render thread/INFO] (Minecraft) Created: 512x256x4 minecraft:textures/atlas/shulker_boxes.png-atlas
[20:21:30] [Render thread/INFO] (Minecraft) Created: 512x256x4 minecraft:textures/atlas/beds.png-atlas
[20:21:30] [Render thread/INFO] (Minecraft) Created: 512x256x0 minecraft:textures/atlas/particles.png-atlas
[20:21:30] [Render thread/INFO] (Minecraft) Created: 512x256x0 minecraft:textures/atlas/paintings.png-atlas
[20:21:30] [Render thread/INFO] (Minecraft) Created: 256x128x0 minecraft:textures/atlas/mob_effects.png-atlas
[20:21:30] [Render thread/INFO] (Minecraft) Created: 64x64x0 minecraft:textures/atlas/map_decorations.png-atlas
[20:21:30] [Render thread/INFO] (Minecraft) Created: 1024x512x0 minecraft:textures/atlas/gui.png-atlas
[20:21:30] [Render thread/WARN] (Minecraft) Shader rendertype_entity_translucent_emissive could not find sampler named Sampler2 in the specified shader program.
[20:21:35] [Render thread/ERROR] (Minecraft) Parsing error loading recipe tms:no_sword
com.google.gson.JsonParseException: Unknown registry key in ResourceKey[minecraft:root / minecraft:item]: tms:no_sword
	at com.mojang.serialization.DataResult$Error.getOrThrow(DataResult.java:287) ~[datafixerupper-8.0.16.jar:?]
	at net.minecraft.recipe.RecipeManager.apply(RecipeManager.java:62) ~[minecraft-merged-fb838c10a7-1.21-net.fabricmc.yarn.1_21.1.21+build.9-v2.jar:?]
	at net.minecraft.recipe.RecipeManager.apply(RecipeManager.java:35) ~[minecraft-merged-fb838c10a7-1.21-net.fabricmc.yarn.1_21.1.21+build.9-v2.jar:?]
	at net.minecraft.resource.SinglePreparationResourceReloader.method_18790(SinglePreparationResourceReloader.java:13) ~[minecraft-merged-fb838c10a7-1.21-net.fabricmc.yarn.1_21.1.21+build.9-v2.jar:?]
	at java.base/java.util.concurrent.CompletableFuture$UniAccept.tryFire(CompletableFuture.java:718) ~[?:?]
	at java.base/java.util.concurrent.CompletableFuture$Completion.run(CompletableFuture.java:482) ~[?:?]
	at net.minecraft.resource.SimpleResourceReload.method_18365(SimpleResourceReload.java:69) ~[minecraft-merged-fb838c10a7-1.21-net.fabricmc.yarn.1_21.1.21+build.9-v2.jar:?]
	at net.minecraft.util.thread.ThreadExecutor.executeTask(ThreadExecutor.java:162) ~[minecraft-merged-fb838c10a7-1.21-net.fabricmc.yarn.1_21.1.21+build.9-v2.jar:?]
	at net.minecraft.util.thread.ReentrantThreadExecutor.executeTask(ReentrantThreadExecutor.java:23) ~[minecraft-merged-fb838c10a7-1.21-net.fabricmc.yarn.1_21.1.21+build.9-v2.jar:?]
	at net.minecraft.util.thread.ThreadExecutor.runTask(ThreadExecutor.java:136) ~[minecraft-merged-fb838c10a7-1.21-net.fabricmc.yarn.1_21.1.21+build.9-v2.jar:?]
	at net.minecraft.util.thread.ThreadExecutor.runTasks(ThreadExecutor.java:145) ~[minecraft-merged-fb838c10a7-1.21-net.fabricmc.yarn.1_21.1.21+build.9-v2.jar:?]
	at net.minecraft.server.integrated.IntegratedServerLoader.load(IntegratedServerLoader.java:182) ~[minecraft-merged-fb838c10a7-1.21-net.fabricmc.yarn.1_21.1.21+build.9-v2.jar:?]
	at net.minecraft.server.integrated.IntegratedServerLoader.load(IntegratedServerLoader.java:137) ~[minecraft-merged-fb838c10a7-1.21-net.fabricmc.yarn.1_21.1.21+build.9-v2.jar:?]
	at net.minecraft.server.integrated.IntegratedServerLoader.start(IntegratedServerLoader.java:323) ~[minecraft-merged-fb838c10a7-1.21-net.fabricmc.yarn.1_21.1.21+build.9-v2.jar:?]
	at net.minecraft.server.integrated.IntegratedServerLoader.start(IntegratedServerLoader.java:313) ~[minecraft-merged-fb838c10a7-1.21-net.fabricmc.yarn.1_21.1.21+build.9-v2.jar:?]
	at net.minecraft.server.integrated.IntegratedServerLoader.start(IntegratedServerLoader.java:278) ~[minecraft-merged-fb838c10a7-1.21-net.fabricmc.yarn.1_21.1.21+build.9-v2.jar:?]
	at net.minecraft.server.integrated.IntegratedServerLoader.start(IntegratedServerLoader.java:243) ~[minecraft-merged-fb838c10a7-1.21-net.fabricmc.yarn.1_21.1.21+build.9-v2.jar:?]
	at net.minecraft.client.gui.screen.world.WorldListWidget$WorldEntry.play(WorldListWidget.java:434) ~[minecraft-merged-fb838c10a7-1.21-net.fabricmc.yarn.1_21.1.21+build.9-v2.jar:?]
	at net.minecraft.client.gui.screen.world.WorldListWidget$WorldEntry.mouseClicked(WorldListWidget.java:411) ~[minecraft-merged-fb838c10a7-1.21-net.fabricmc.yarn.1_21.1.21+build.9-v2.jar:?]
	at net.minecraft.client.gui.widget.EntryListWidget.mouseClicked(EntryListWidget.java:315) ~[minecraft-merged-fb838c10a7-1.21-net.fabricmc.yarn.1_21.1.21+build.9-v2.jar:?]
	at net.minecraft.client.gui.ParentElement.mouseClicked(ParentElement.java:38) ~[minecraft-merged-fb838c10a7-1.21-net.fabricmc.yarn.1_21.1.21+build.9-v2.jar:?]
	at net.minecraft.client.Mouse.method_1611(Mouse.java:107) ~[minecraft-merged-fb838c10a7-1.21-net.fabricmc.yarn.1_21.1.21+build.9-v2.jar:?]
	at net.minecraft.client.gui.screen.Screen.wrapScreenError(Screen.java:431) ~[minecraft-merged-fb838c10a7-1.21-net.fabricmc.yarn.1_21.1.21+build.9-v2.jar:?]
	at net.minecraft.client.Mouse.onMouseButton(Mouse.java:107) ~[minecraft-merged-fb838c10a7-1.21-net.fabricmc.yarn.1_21.1.21+build.9-v2.jar:?]
	at net.minecraft.client.Mouse.method_22686(Mouse.java:196) ~[minecraft-merged-fb838c10a7-1.21-net.fabricmc.yarn.1_21.1.21+build.9-v2.jar:?]
	at net.minecraft.util.thread.ThreadExecutor.execute(ThreadExecutor.java:108) ~[minecraft-merged-fb838c10a7-1.21-net.fabricmc.yarn.1_21.1.21+build.9-v2.jar:?]
	at net.minecraft.client.Mouse.method_22684(Mouse.java:196) ~[minecraft-merged-fb838c10a7-1.21-net.fabricmc.yarn.1_21.1.21+build.9-v2.jar:?]
	at org.lwjgl.glfw.GLFWMouseButtonCallbackI.callback(GLFWMouseButtonCallbackI.java:43) [lwjgl-glfw-3.3.3.jar:?]
	at org.lwjgl.system.JNI.invokeV(Native Method) ~[lwjgl-3.3.3.jar:?]
	at org.lwjgl.glfw.GLFW.glfwPollEvents(GLFW.java:3438) [lwjgl-glfw-3.3.3.jar:?]
	at com.mojang.blaze3d.systems.RenderSystem.pollEvents(RenderSystem.java:150) [minecraft-merged-fb838c10a7-1.21-net.fabricmc.yarn.1_21.1.21+build.9-v2.jar:?]
	at com.mojang.blaze3d.systems.RenderSystem.flipFrame(RenderSystem.java:161) [minecraft-merged-fb838c10a7-1.21-net.fabricmc.yarn.1_21.1.21+build.9-v2.jar:?]
	at net.minecraft.client.util.Window.swapBuffers(Window.java:303) [minecraft-merged-fb838c10a7-1.21-net.fabricmc.yarn.1_21.1.21+build.9-v2.jar:?]
	at net.minecraft.client.MinecraftClient.render(MinecraftClient.java:1307) [minecraft-merged-fb838c10a7-1.21-net.fabricmc.yarn.1_21.1.21+build.9-v2.jar:?]
	at net.minecraft.client.MinecraftClient.run(MinecraftClient.java:882) [minecraft-merged-fb838c10a7-1.21-net.fabricmc.yarn.1_21.1.21+build.9-v2.jar:?]
	at net.minecraft.client.main.Main.main(Main.java:256) [minecraft-merged-fb838c10a7-1.21-net.fabricmc.yarn.1_21.1.21+build.9-v2.jar:?]
	at net.fabricmc.loader.impl.game.minecraft.MinecraftGameProvider.launch(MinecraftGameProvider.java:480) [fabric-loader-0.16.0.jar:?]
	at net.fabricmc.loader.impl.launch.knot.Knot.launch(Knot.java:74) [fabric-loader-0.16.0.jar:?]
	at net.fabricmc.loader.impl.launch.knot.KnotClient.main(KnotClient.java:23) [fabric-loader-0.16.0.jar:?]
	at net.fabricmc.devlaunchinjector.Main.main(Main.java:86) [dev-launch-injector-0.2.1+build.8.jar:?]
[20:21:35] [Render thread/INFO] (Minecraft) Loaded 1309 recipes
[20:21:35] [Render thread/INFO] (Minecraft) Loaded 1399 advancements
[20:21:35] [Render thread/INFO] (BiomeModificationImpl) Applied 0 biome modifications to 0 of 64 new biomes in 1.283 ms
[20:21:35] [Server thread/INFO] (Minecraft) Starting integrated minecraft server version 1.21
[20:21:35] [Server thread/INFO] (Minecraft) Generating keypair
[20:21:36] [Server thread/INFO] (Minecraft) Preparing start region for dimension minecraft:overworld
[20:21:36] [Render thread/INFO] (Minecraft) Preparing spawn area: 0%
[20:21:36] [Render thread/INFO] (Minecraft) Time elapsed: 367 ms
[20:21:36] [Server thread/INFO] (Minecraft) Changing view distance to 12, from 10
[20:21:36] [Server thread/INFO] (Minecraft) Changing simulation distance to 12, from 0
[20:21:37] [Server thread/INFO] (Minecraft) Player644[local:E:8d2635fe] logged in with entity id 1 at (-177.42704454141057, -63.0, 141.92500001192093)
[20:21:37] [Server thread/INFO] (Minecraft) Player644 joined the game
[20:21:37] [Server thread/INFO] (Minecraft) Player644 has made the advancement [Acquire Hardware]
[20:21:37] [Render thread/INFO] (Minecraft) [System] [CHAT] Player644 has made the advancement [Acquire Hardware]
[20:21:38] [Render thread/INFO] (Minecraft) Loaded 38 advancements
[20:21:38] [Server thread/INFO] (Minecraft) Saving and pausing game...
[20:21:38] [Server thread/INFO] (Minecraft) Saving chunks for level 'ServerLevel[New World]'/minecraft:overworld
[20:21:38] [Server thread/INFO] (Minecraft) Saving chunks for level 'ServerLevel[New World]'/minecraft:the_end
[20:21:38] [Server thread/INFO] (Minecraft) Saving chunks for level 'ServerLevel[New World]'/minecraft:the_nether
[20:22:11] [Server thread/INFO] (Minecraft) Saving and pausing game...
[20:22:11] [Server thread/INFO] (Minecraft) Saving chunks for level 'ServerLevel[New World]'/minecraft:overworld
[20:22:11] [Server thread/INFO] (Minecraft) Saving chunks for level 'ServerLevel[New World]'/minecraft:the_end
[20:22:11] [Server thread/INFO] (Minecraft) Saving chunks for level 'ServerLevel[New World]'/minecraft:the_nether
[20:22:12] [Server thread/INFO] (Minecraft) Player644 lost connection: Disconnected
[20:22:12] [Server thread/INFO] (Minecraft) Player644 left the game
[20:22:12] [Server thread/INFO] (Minecraft) Stopping singleplayer server as player logged out
[20:22:12] [Server thread/INFO] (Minecraft) Stopping server
[20:22:12] [Server thread/INFO] (Minecraft) Saving players
[20:22:12] [Server thread/INFO] (Minecraft) Saving worlds
[20:22:12] [Server thread/INFO] (Minecraft) Saving chunks for level 'ServerLevel[New World]'/minecraft:overworld
[20:22:12] [Server thread/INFO] (Minecraft) Saving chunks for level 'ServerLevel[New World]'/minecraft:the_end
[20:22:12] [Server thread/INFO] (Minecraft) Saving chunks for level 'ServerLevel[New World]'/minecraft:the_nether
[20:22:12] [Server thread/INFO] (Minecraft) ThreadedAnvilChunkStorage (New World): All chunks are saved
[20:22:12] [Server thread/INFO] (Minecraft) ThreadedAnvilChunkStorage (DIM1): All chunks are saved
[20:22:12] [Server thread/INFO] (Minecraft) ThreadedAnvilChunkStorage (DIM-1): All chunks are saved
[20:22:12] [Server thread/INFO] (Minecraft) ThreadedAnvilChunkStorage: All dimensions are saved
[20:22:13] [Render thread/INFO] (Minecraft) Stopping!
